[35m[Appium][39m Welcome to Appium v1.14.0
[35m[Appium][39m Non-default server args:
[35m[Appium][39m   port: 60837
[35m[Appium][39m   loglevel: info
[35m[Appium][39m   chromeDriverPort: 60838
[35m[Appium][39m   tmpDir: /var/folders/gy/ss452wt933z_v01x4q_2xgn00000gn/T//Katalon/Appium/Temp1584009259419
[35m[Appium][39m Appium REST http interface listener started on 0.0.0.0:60837
[35m[HTTP][39m [37m-->[39m [37mGET[39m [37m/wd/hub/status[39m
[35m[HTTP][39m [90m{}[39m
[35m[HTTP][39m [37m<-- GET /wd/hub/status [39m[32m200[39m [90m12 ms - 68[39m
[35m[HTTP][39m [90m[39m
[35m[HTTP][39m [37m-->[39m [37mGET[39m [37m/wd/hub/status[39m
[35m[HTTP][39m [90m{}[39m
[35m[HTTP][39m [37m<-- GET /wd/hub/status [39m[32m200[39m [90m1 ms - 68[39m
[35m[HTTP][39m [90m[39m
[35m[HTTP][39m [37m-->[39m [37mPOST[39m [37m/wd/hub/session[39m
[35m[HTTP][39m [90m{"desiredCapabilities":{"appActivity":".Settings","appPackage":"com.android.settings","newCommandTimeout":1800,"platformVersion":"9","automationName":"uiautomator2","autoGrantPermissions":true,"platformName":"Android","udid":"RR8M60B1T8R","deviceName":"samsung SM-A105G (Android 9)","platform":"ANDROID","systemPort":8293},"capabilities":{"firstMatch":[{"appium:appActivity":".Settings","appium:appPackage":"com.android.settings","appium:autoGrantPermissions":true,"appium:automationName":"uiautomator2","appium:deviceName":"samsung SM-A105G (Android 9)","appium:newCommandTimeout":1800,"platform":"ANDROID","platformName":"android","appium:platformVersion":"9","appium:systemPort":8293,"appium:udid":"RR8M60B1T8R"}]}}[39m
[35m[BaseDriver][39m The capabilities ["platform"] are not standard capabilities and should have an extension prefix
[35m[Appium][39m Appium v1.14.0 creating new AndroidUiautomator2Driver (v1.33.1) session
[35m[Appium][39m Capabilities:
[35m[Appium][39m   platform: ANDROID
[35m[Appium][39m   platformName: android
[35m[Appium][39m   appActivity: .Settings
[35m[Appium][39m   appPackage: com.android.settings
[35m[Appium][39m   autoGrantPermissions: true
[35m[Appium][39m   automationName: uiautomator2
[35m[Appium][39m   deviceName: samsung SM-A105G (Android 9)
[35m[Appium][39m   newCommandTimeout: 1800
[35m[Appium][39m   platformVersion: 9
[35m[Appium][39m   systemPort: 8293
[35m[Appium][39m   udid: RR8M60B1T8R
[35m[BaseDriver][39m The following capabilities were provided, but are not recognized by Appium:
[35m[BaseDriver][39m   platform
[35m[BaseDriver][39m Session created with session id: 5d9198d5-f967-4f75-8e36-d7411d38133a
[35m[ADB][39m Found 1 'build-tools' folders under '/Users/mkriswahyudi/.katalon/tools/android_sdk' (newest first):
[35m[ADB][39m     /Users/mkriswahyudi/.katalon/tools/android_sdk/build-tools/29.0.2
[35m[ADB][39m Using 'adb' from '/Users/mkriswahyudi/.katalon/tools/android_sdk/platform-tools/adb'
[35m[AndroidDriver][39m Retrieving device list
[35m[AndroidDriver][39m Using device: RR8M60B1T8R
[35m[ADB][39m Using 'adb' from '/Users/mkriswahyudi/.katalon/tools/android_sdk/platform-tools/adb'
[35m[UiAutomator2][39m Relaxing hidden api policy
[35m[AndroidDriver][39m No app sent in, not parsing package/activity
[35m[ADB][39m Using 'aapt' from '/Users/mkriswahyudi/.katalon/tools/android_sdk/build-tools/29.0.2/aapt'
[35m[ADB][39m Using 'apksigner' from '/Users/mkriswahyudi/.katalon/tools/android_sdk/build-tools/29.0.2/apksigner'
[35m[UiAutomator2][39m Server packages are not going to be (re)installed
[35m[ADB][39m com.android.settings contains no permissions available for granting
[35m[UiAutomator2][39m Starting UIAutomator2 server 3.7.0
[35m[UiAutomator2][39m Using UIAutomator2 server from '/usr/local/lib/node_modules/appium/node_modules/appium-uiautomator2-server/apks/appium-uiautomator2-server-v3.7.0.apk' and test from '/usr/local/lib/node_modules/appium/node_modules/appium-uiautomator2-server/apks/appium-uiautomator2-server-debug-androidTest.apk'
[35m[UiAutomator2][39m Waiting up to 30000ms for UiAutomator2 to be online...
[35m[WD Proxy][39m Got an unexpected response: {"code":"ECONNRESET"}
[35m[WD Proxy][39m Got an unexpected response: {"code":"ECONNRESET"}
[35m[WD Proxy][39m Got an unexpected response: {"code":"ECONNRESET"}
[35m[WD Proxy][39m Got an unexpected response: {"code":"ECONNRESET"}
[35m[AndroidDriver][39m Screen already unlocked, doing nothing
[35m[UiAutomator2][39m UiAutomator2 did not start the activity we were waiting for, 'com.android.settings/.Settings'. Starting it ourselves
[35m[Appium][39m New AndroidUiautomator2Driver session created successfully, session 5d9198d5-f967-4f75-8e36-d7411d38133a added to master session list
[35m[HTTP][39m [37m<-- POST /wd/hub/session [39m[32m200[39m [90m13743 ms - 1102[39m
[35m[HTTP][39m [90m[39m
[35m[HTTP][39m [37m-->[39m [37mGET[39m [37m/wd/hub/session/5d9198d5-f967-4f75-8e36-d7411d38133a[39m
[35m[HTTP][39m [90m{}[39m
[35m[HTTP][39m [37m<-- GET /wd/hub/session/5d9198d5-f967-4f75-8e36-d7411d38133a [39m[32m200[39m [90m82 ms - 1034[39m
[35m[HTTP][39m [90m[39m
[35m[HTTP][39m [37m-->[39m [37mGET[39m [37m/wd/hub/session/5d9198d5-f967-4f75-8e36-d7411d38133a[39m
[35m[HTTP][39m [90m{}[39m
[35m[HTTP][39m [37m<-- GET /wd/hub/session/5d9198d5-f967-4f75-8e36-d7411d38133a [39m[32m200[39m [90m38 ms - 1034[39m
[35m[HTTP][39m [90m[39m
[35m[HTTP][39m [37m-->[39m [37mGET[39m [37m/wd/hub/status[39m
[35m[HTTP][39m [90m{}[39m
[35m[HTTP][39m [37m<-- GET /wd/hub/status [39m[32m200[39m [90m1 ms - 68[39m
[35m[HTTP][39m [90m[39m
[35m[HTTP][39m [37m-->[39m [37mPOST[39m [37m/wd/hub/session/5d9198d5-f967-4f75-8e36-d7411d38133a/timeouts[39m
[35m[HTTP][39m [90m{"implicit":60000}[39m
[35m[HTTP][39m [37m<-- POST /wd/hub/session/5d9198d5-f967-4f75-8e36-d7411d38133a/timeouts [39m[32m200[39m [90m4 ms - 14[39m
[35m[HTTP][39m [90m[39m
[35m[HTTP][39m [37m-->[39m [37mPOST[39m [37m/wd/hub/session/5d9198d5-f967-4f75-8e36-d7411d38133a/appium/device/activate_app[39m
[35m[HTTP][39m [90m{"bundleId":"com.twenty.fit"}[39m
[35m[HTTP][39m [37m<-- POST /wd/hub/session/5d9198d5-f967-4f75-8e36-d7411d38133a/appium/device/activate_app [39m[32m200[39m [90m1710 ms - 14[39m
[35m[HTTP][39m [90m[39m
[35m[HTTP][39m [37m-->[39m [37mGET[39m [37m/wd/hub/session/5d9198d5-f967-4f75-8e36-d7411d38133a/source[39m
[35m[HTTP][39m [90m{}[39m
[35m[W3C (5d9198d5)][39m Driver proxy active, passing request on via HTTP proxy
[35m[WD Proxy][39m Replacing sessionId fb0e1789-74a7-4c81-a963-5fa6e669adb3 with 5d9198d5-f967-4f75-8e36-d7411d38133a
[35m[HTTP][39m [37m<-- GET /wd/hub/session/5d9198d5-f967-4f75-8e36-d7411d38133a/source [39m[32m200[39m [90m1597 ms - 21071[39m
[35m[HTTP][39m [90m[39m
[35m[HTTP][39m [37m-->[39m [37mGET[39m [37m/wd/hub/session/5d9198d5-f967-4f75-8e36-d7411d38133a/screenshot[39m
[35m[HTTP][39m [90m{}[39m
[35m[HTTP][39m [37m<-- GET /wd/hub/session/5d9198d5-f967-4f75-8e36-d7411d38133a/screenshot [39m[32m200[39m [90m627 ms - 125280[39m
[35m[HTTP][39m [90m[39m
[35m[HTTP][39m [37m-->[39m [37mGET[39m [37m/wd/hub/session/5d9198d5-f967-4f75-8e36-d7411d38133a/source[39m
[35m[HTTP][39m [90m{}[39m
[35m[W3C (5d9198d5)][39m Driver proxy active, passing request on via HTTP proxy
[35m[WD Proxy][39m Replacing sessionId fb0e1789-74a7-4c81-a963-5fa6e669adb3 with 5d9198d5-f967-4f75-8e36-d7411d38133a
[35m[HTTP][39m [37m<-- GET /wd/hub/session/5d9198d5-f967-4f75-8e36-d7411d38133a/source [39m[32m200[39m [90m1383 ms - 44783[39m
[35m[HTTP][39m [90m[39m
[35m[HTTP][39m [37m-->[39m [37mGET[39m [37m/wd/hub/session/5d9198d5-f967-4f75-8e36-d7411d38133a/screenshot[39m
[35m[HTTP][39m [90m{}[39m
[35m[HTTP][39m [37m<-- GET /wd/hub/session/5d9198d5-f967-4f75-8e36-d7411d38133a/screenshot [39m[32m200[39m [90m779 ms - 364942[39m
[35m[HTTP][39m [90m[39m
[35m[HTTP][39m [37m-->[39m [37mGET[39m [37m/wd/hub/session/5d9198d5-f967-4f75-8e36-d7411d38133a/source[39m
[35m[HTTP][39m [90m{}[39m
[35m[W3C (5d9198d5)][39m Driver proxy active, passing request on via HTTP proxy
[35m[WD Proxy][39m Replacing sessionId fb0e1789-74a7-4c81-a963-5fa6e669adb3 with 5d9198d5-f967-4f75-8e36-d7411d38133a
[35m[HTTP][39m [37m<-- GET /wd/hub/session/5d9198d5-f967-4f75-8e36-d7411d38133a/source [39m[32m200[39m [90m1084 ms - 45701[39m
[35m[HTTP][39m [90m[39m
[35m[HTTP][39m [37m-->[39m [37mGET[39m [37m/wd/hub/session/5d9198d5-f967-4f75-8e36-d7411d38133a/screenshot[39m
[35m[HTTP][39m [90m{}[39m
[35m[HTTP][39m [37m<-- GET /wd/hub/session/5d9198d5-f967-4f75-8e36-d7411d38133a/screenshot [39m[32m200[39m [90m736 ms - 365004[39m
[35m[HTTP][39m [90m[39m
[35m[HTTP][39m [37m-->[39m [37mGET[39m [37m/wd/hub/session/5d9198d5-f967-4f75-8e36-d7411d38133a/window/rect[39m
[35m[HTTP][39m [90m{}[39m
[35m[HTTP][39m [37m<-- GET /wd/hub/session/5d9198d5-f967-4f75-8e36-d7411d38133a/window/rect [39m[32m200[39m [90m82 ms - 49[39m
[35m[HTTP][39m [90m[39m
[35m[HTTP][39m [37m-->[39m [37mPOST[39m [37m/wd/hub/session/5d9198d5-f967-4f75-8e36-d7411d38133a/elements[39m
[35m[HTTP][39m [90m{"using":"xpath","value":"//hierarchy/android.widget.FrameLayout[1]/android.widget.LinearLayout[1]/android.widget.FrameLayout[1]/android.widget.LinearLayout[1]/android.widget.FrameLayout[1]/android.widget.FrameLayout[1]/android.widget.FrameLayout[1]/android.widget.FrameLayout[1]/android.view.ViewGroup[1]/android.view.ViewGroup[1]/android.view.ViewGroup[1]/android.view.ViewGroup[1]/android.view.ViewGroup[1]/android.view.ViewGroup[1]/android.view.ViewGroup[2]/android.view.ViewGroup[1]/android.widget.Button[1]/android.view.ViewGroup[1]/android.view.ViewGroup[1]"}[39m
[35m[HTTP][39m [37m<-- POST /wd/hub/session/5d9198d5-f967-4f75-8e36-d7411d38133a/elements [39m[32m200[39m [90m1278 ms - 139[39m
[35m[HTTP][39m [90m[39m
[35m[HTTP][39m [37m-->[39m [37mGET[39m [37m/wd/hub/session/5d9198d5-f967-4f75-8e36-d7411d38133a/element/ebb31893-37ba-4946-9b8b-7d56100b85ff/location[39m
[35m[HTTP][39m [90m{}[39m
[35m[W3C (5d9198d5)][39m Driver proxy active, passing request on via HTTP proxy
[35m[WD Proxy][39m Replacing sessionId fb0e1789-74a7-4c81-a963-5fa6e669adb3 with 5d9198d5-f967-4f75-8e36-d7411d38133a
[35m[HTTP][39m [37m<-- GET /wd/hub/session/5d9198d5-f967-4f75-8e36-d7411d38133a/element/ebb31893-37ba-4946-9b8b-7d56100b85ff/location [39m[32m200[39m [90m81 ms - 89[39m
[35m[HTTP][39m [90m[39m
[35m[HTTP][39m [37m-->[39m [37mPOST[39m [37m/wd/hub/session/5d9198d5-f967-4f75-8e36-d7411d38133a/touch/perform[39m
[35m[HTTP][39m [90m{"actions":[{"action":"tap","options":{"x":1,"y":1,"element":"ebb31893-37ba-4946-9b8b-7d56100b85ff"}}]}[39m
[35m[UiAutomator2][39m calling get location: ebb31893-37ba-4946-9b8b-7d56100b85ff
[35m[HTTP][39m [37m<-- POST /wd/hub/session/5d9198d5-f967-4f75-8e36-d7411d38133a/touch/perform [39m[32m200[39m [90m128 ms - 14[39m
[35m[HTTP][39m [90m[39m
[35m[HTTP][39m [37m-->[39m [37mGET[39m [37m/wd/hub/session/5d9198d5-f967-4f75-8e36-d7411d38133a/source[39m
[35m[HTTP][39m [90m{}[39m
[35m[W3C (5d9198d5)][39m Driver proxy active, passing request on via HTTP proxy
[35m[WD Proxy][39m Replacing sessionId fb0e1789-74a7-4c81-a963-5fa6e669adb3 with 5d9198d5-f967-4f75-8e36-d7411d38133a
[35m[HTTP][39m [37m<-- GET /wd/hub/session/5d9198d5-f967-4f75-8e36-d7411d38133a/source [39m[32m200[39m [90m1145 ms - 45701[39m
[35m[HTTP][39m [90m[39m
[35m[HTTP][39m [37m-->[39m [37mGET[39m [37m/wd/hub/session/5d9198d5-f967-4f75-8e36-d7411d38133a/screenshot[39m
[35m[HTTP][39m [90m{}[39m
[35m[HTTP][39m [37m<-- GET /wd/hub/session/5d9198d5-f967-4f75-8e36-d7411d38133a/screenshot [39m[32m200[39m [90m765 ms - 365118[39m
[35m[HTTP][39m [90m[39m
[35m[HTTP][39m [37m-->[39m [37mGET[39m [37m/wd/hub/session/5d9198d5-f967-4f75-8e36-d7411d38133a/window/rect[39m
[35m[HTTP][39m [90m{}[39m
[35m[HTTP][39m [37m<-- GET /wd/hub/session/5d9198d5-f967-4f75-8e36-d7411d38133a/window/rect [39m[32m200[39m [90m83 ms - 49[39m
[35m[HTTP][39m [90m[39m
[35m[HTTP][39m [37m-->[39m [37mPOST[39m [37m/wd/hub/session/5d9198d5-f967-4f75-8e36-d7411d38133a/elements[39m
[35m[HTTP][39m [90m{"using":"xpath","value":"//hierarchy/android.widget.FrameLayout[1]/android.widget.LinearLayout[1]/android.widget.FrameLayout[1]/android.widget.LinearLayout[1]/android.widget.FrameLayout[1]/android.widget.FrameLayout[1]/android.widget.FrameLayout[1]/android.widget.FrameLayout[1]/android.view.ViewGroup[1]/android.view.ViewGroup[1]/android.view.ViewGroup[1]/android.view.ViewGroup[1]/android.view.ViewGroup[1]/android.view.ViewGroup[1]/android.view.ViewGroup[2]/android.view.ViewGroup[1]/android.widget.Button[5]/android.view.ViewGroup[1]/android.view.ViewGroup[1]"}[39m
[35m[HTTP][39m [37m<-- POST /wd/hub/session/5d9198d5-f967-4f75-8e36-d7411d38133a/elements [39m[32m200[39m [90m942 ms - 139[39m
[35m[HTTP][39m [90m[39m
[35m[HTTP][39m [37m-->[39m [37mGET[39m [37m/wd/hub/session/5d9198d5-f967-4f75-8e36-d7411d38133a/element/19f6d592-54e3-44f1-8a5b-668123d54401/location[39m
[35m[HTTP][39m [90m{}[39m
[35m[W3C (5d9198d5)][39m Driver proxy active, passing request on via HTTP proxy
[35m[WD Proxy][39m Replacing sessionId fb0e1789-74a7-4c81-a963-5fa6e669adb3 with 5d9198d5-f967-4f75-8e36-d7411d38133a
[35m[HTTP][39m [37m<-- GET /wd/hub/session/5d9198d5-f967-4f75-8e36-d7411d38133a/element/19f6d592-54e3-44f1-8a5b-668123d54401/location [39m[32m200[39m [90m73 ms - 90[39m
[35m[HTTP][39m [90m[39m
[35m[HTTP][39m [37m-->[39m [37mPOST[39m [37m/wd/hub/session/5d9198d5-f967-4f75-8e36-d7411d38133a/touch/perform[39m
[35m[HTTP][39m [90m{"actions":[{"action":"tap","options":{"x":1,"y":1,"element":"19f6d592-54e3-44f1-8a5b-668123d54401"}}]}[39m
[35m[UiAutomator2][39m calling get location: 19f6d592-54e3-44f1-8a5b-668123d54401
[35m[HTTP][39m [37m<-- POST /wd/hub/session/5d9198d5-f967-4f75-8e36-d7411d38133a/touch/perform [39m[32m200[39m [90m145 ms - 14[39m
[35m[HTTP][39m [90m[39m
[35m[HTTP][39m [37m-->[39m [37mGET[39m [37m/wd/hub/session/5d9198d5-f967-4f75-8e36-d7411d38133a/source[39m
[35m[HTTP][39m [90m{}[39m
[35m[W3C (5d9198d5)][39m Driver proxy active, passing request on via HTTP proxy
[35m[WD Proxy][39m Replacing sessionId fb0e1789-74a7-4c81-a963-5fa6e669adb3 with 5d9198d5-f967-4f75-8e36-d7411d38133a
[35m[HTTP][39m [37m<-- GET /wd/hub/session/5d9198d5-f967-4f75-8e36-d7411d38133a/source [39m[32m200[39m [90m846 ms - 21447[39m
[35m[HTTP][39m [90m[39m
[35m[HTTP][39m [37m-->[39m [37mGET[39m [37m/wd/hub/session/5d9198d5-f967-4f75-8e36-d7411d38133a/screenshot[39m
[35m[HTTP][39m [90m{}[39m
[35m[HTTP][39m [37m<-- GET /wd/hub/session/5d9198d5-f967-4f75-8e36-d7411d38133a/screenshot [39m[32m200[39m [90m598 ms - 98838[39m
[35m[HTTP][39m [90m[39m
[35m[HTTP][39m [37m-->[39m [37mGET[39m [37m/wd/hub/session/5d9198d5-f967-4f75-8e36-d7411d38133a/window/rect[39m
[35m[HTTP][39m [90m{}[39m
[35m[HTTP][39m [37m<-- GET /wd/hub/session/5d9198d5-f967-4f75-8e36-d7411d38133a/window/rect [39m[32m200[39m [90m73 ms - 49[39m
[35m[HTTP][39m [90m[39m
[35m[HTTP][39m [37m-->[39m [37mPOST[39m [37m/wd/hub/session/5d9198d5-f967-4f75-8e36-d7411d38133a/elements[39m
[35m[HTTP][39m [90m{"using":"xpath","value":"//hierarchy/android.widget.FrameLayout[1]/android.widget.LinearLayout[1]/android.widget.FrameLayout[1]/android.widget.LinearLayout[1]/android.widget.FrameLayout[1]/android.widget.FrameLayout[1]/android.widget.FrameLayout[1]/android.widget.FrameLayout[1]/android.view.ViewGroup[1]/android.view.ViewGroup[1]/android.view.ViewGroup[1]/android.view.ViewGroup[1]/android.view.ViewGroup[1]/android.view.ViewGroup[1]/android.view.ViewGroup[1]/android.view.ViewGroup[1]/android.view.ViewGroup[1]/android.view.ViewGroup[1]/android.view.ViewGroup[1]/android.view.ViewGroup[1]/android.view.ViewGroup[1]/android.view.ViewGroup[1]/android.view.ViewGroup[2]"}[39m
[35m[HTTP][39m [37m<-- POST /wd/hub/session/5d9198d5-f967-4f75-8e36-d7411d38133a/elements [39m[32m200[39m [90m764 ms - 139[39m
[35m[HTTP][39m [90m[39m
[35m[HTTP][39m [37m-->[39m [37mGET[39m [37m/wd/hub/session/5d9198d5-f967-4f75-8e36-d7411d38133a/element/6754cf3b-71c8-4c79-8bcc-93c5fe257b9c/location[39m
[35m[HTTP][39m [90m{}[39m
[35m[W3C (5d9198d5)][39m Driver proxy active, passing request on via HTTP proxy
[35m[WD Proxy][39m Replacing sessionId fb0e1789-74a7-4c81-a963-5fa6e669adb3 with 5d9198d5-f967-4f75-8e36-d7411d38133a
[35m[HTTP][39m [37m<-- GET /wd/hub/session/5d9198d5-f967-4f75-8e36-d7411d38133a/element/6754cf3b-71c8-4c79-8bcc-93c5fe257b9c/location [39m[32m200[39m [90m67 ms - 89[39m
[35m[HTTP][39m [90m[39m
[35m[HTTP][39m [37m-->[39m [37mPOST[39m [37m/wd/hub/session/5d9198d5-f967-4f75-8e36-d7411d38133a/touch/perform[39m
[35m[HTTP][39m [90m{"actions":[{"action":"tap","options":{"x":1,"y":1,"element":"6754cf3b-71c8-4c79-8bcc-93c5fe257b9c"}}]}[39m
[35m[UiAutomator2][39m calling get location: 6754cf3b-71c8-4c79-8bcc-93c5fe257b9c
[35m[HTTP][39m [37m<-- POST /wd/hub/session/5d9198d5-f967-4f75-8e36-d7411d38133a/touch/perform [39m[32m200[39m [90m109 ms - 14[39m
[35m[HTTP][39m [90m[39m
[35m[HTTP][39m [37m-->[39m [37mGET[39m [37m/wd/hub/session/5d9198d5-f967-4f75-8e36-d7411d38133a/source[39m
[35m[HTTP][39m [90m{}[39m
[35m[W3C (5d9198d5)][39m Driver proxy active, passing request on via HTTP proxy
[35m[WD Proxy][39m Replacing sessionId fb0e1789-74a7-4c81-a963-5fa6e669adb3 with 5d9198d5-f967-4f75-8e36-d7411d38133a
[35m[HTTP][39m [37m<-- GET /wd/hub/session/5d9198d5-f967-4f75-8e36-d7411d38133a/source [39m[32m200[39m [90m873 ms - 21092[39m
[35m[HTTP][39m [90m[39m
[35m[HTTP][39m [37m-->[39m [37mGET[39m [37m/wd/hub/session/5d9198d5-f967-4f75-8e36-d7411d38133a/screenshot[39m
[35m[HTTP][39m [90m{}[39m
[35m[HTTP][39m [37m<-- GET /wd/hub/session/5d9198d5-f967-4f75-8e36-d7411d38133a/screenshot [39m[32m200[39m [90m579 ms - 75952[39m
[35m[HTTP][39m [90m[39m
[35m[HTTP][39m [37m-->[39m [37mGET[39m [37m/wd/hub/session/5d9198d5-f967-4f75-8e36-d7411d38133a/window/rect[39m
[35m[HTTP][39m [90m{}[39m
[35m[HTTP][39m [37m<-- GET /wd/hub/session/5d9198d5-f967-4f75-8e36-d7411d38133a/window/rect [39m[32m200[39m [90m77 ms - 49[39m
[35m[HTTP][39m [90m[39m
[35m[HTTP][39m [37m-->[39m [37mPOST[39m [37m/wd/hub/session/5d9198d5-f967-4f75-8e36-d7411d38133a/elements[39m
[35m[HTTP][39m [90m{"using":"xpath","value":"//hierarchy/android.widget.FrameLayout[1]/android.widget.LinearLayout[1]/android.widget.FrameLayout[1]/android.widget.LinearLayout[1]/android.widget.FrameLayout[1]/android.widget.FrameLayout[1]/android.widget.FrameLayout[1]/android.widget.FrameLayout[1]/android.view.ViewGroup[1]/android.view.ViewGroup[1]/android.view.ViewGroup[1]/android.view.ViewGroup[1]/android.view.ViewGroup[1]/android.view.ViewGroup[1]/android.widget.ScrollView[1]/android.view.ViewGroup[1]/android.view.ViewGroup[1]/android.view.ViewGroup[1]/android.widget.EditText[1]"}[39m
[35m[HTTP][39m [37m<-- POST /wd/hub/session/5d9198d5-f967-4f75-8e36-d7411d38133a/elements [39m[32m200[39m [90m423 ms - 139[39m
[35m[HTTP][39m [90m[39m
[35m[HTTP][39m [37m-->[39m [37mGET[39m [37m/wd/hub/session/5d9198d5-f967-4f75-8e36-d7411d38133a/element/5c5f4dfa-22f7-42f6-94e1-8fa9a13890b5/location[39m
[35m[HTTP][39m [90m{}[39m
[35m[W3C (5d9198d5)][39m Driver proxy active, passing request on via HTTP proxy
[35m[WD Proxy][39m Replacing sessionId fb0e1789-74a7-4c81-a963-5fa6e669adb3 with 5d9198d5-f967-4f75-8e36-d7411d38133a
[35m[HTTP][39m [37m<-- GET /wd/hub/session/5d9198d5-f967-4f75-8e36-d7411d38133a/element/5c5f4dfa-22f7-42f6-94e1-8fa9a13890b5/location [39m[32m200[39m [90m72 ms - 88[39m
[35m[HTTP][39m [90m[39m
[35m[HTTP][39m [37m-->[39m [37mPOST[39m [37m/wd/hub/session/5d9198d5-f967-4f75-8e36-d7411d38133a/element/5c5f4dfa-22f7-42f6-94e1-8fa9a13890b5/clear[39m
[35m[HTTP][39m [90m{"id":"5c5f4dfa-22f7-42f6-94e1-8fa9a13890b5"}[39m
[35m[HTTP][39m [37m<-- POST /wd/hub/session/5d9198d5-f967-4f75-8e36-d7411d38133a/element/5c5f4dfa-22f7-42f6-94e1-8fa9a13890b5/clear [39m[32m200[39m [90m77 ms - 27[39m
[35m[HTTP][39m [90m[39m
[35m[HTTP][39m [37m-->[39m [37mPOST[39m [37m/wd/hub/session/5d9198d5-f967-4f75-8e36-d7411d38133a/element/5c5f4dfa-22f7-42f6-94e1-8fa9a13890b5/value[39m
[35m[HTTP][39m [90m{"id":"5c5f4dfa-22f7-42f6-94e1-8fa9a13890b5","text":"0000000000000000","value":["0","0","0","0","0","0","0","0","0","0","0","0","0","0","0","0"]}[39m
[35m[HTTP][39m [37m<-- POST /wd/hub/session/5d9198d5-f967-4f75-8e36-d7411d38133a/element/5c5f4dfa-22f7-42f6-94e1-8fa9a13890b5/value [39m[32m200[39m [90m565 ms - 12[39m
[35m[HTTP][39m [90m[39m
[35m[HTTP][39m [37m-->[39m [37mGET[39m [37m/wd/hub/session/5d9198d5-f967-4f75-8e36-d7411d38133a/source[39m
[35m[HTTP][39m [90m{}[39m
[35m[W3C (5d9198d5)][39m Driver proxy active, passing request on via HTTP proxy
[35m[WD Proxy][39m Replacing sessionId fb0e1789-74a7-4c81-a963-5fa6e669adb3 with 5d9198d5-f967-4f75-8e36-d7411d38133a
[35m[HTTP][39m [37m<-- GET /wd/hub/session/5d9198d5-f967-4f75-8e36-d7411d38133a/source [39m[32m200[39m [90m600 ms - 21107[39m
[35m[HTTP][39m [90m[39m
[35m[HTTP][39m [37m-->[39m [37mGET[39m [37m/wd/hub/session/5d9198d5-f967-4f75-8e36-d7411d38133a/screenshot[39m
[35m[HTTP][39m [90m{}[39m
[35m[HTTP][39m [37m<-- GET /wd/hub/session/5d9198d5-f967-4f75-8e36-d7411d38133a/screenshot [39m[32m200[39m [90m557 ms - 75784[39m
[35m[HTTP][39m [90m[39m
[35m[HTTP][39m [37m-->[39m [37mGET[39m [37m/wd/hub/session/5d9198d5-f967-4f75-8e36-d7411d38133a/window/rect[39m
[35m[HTTP][39m [90m{}[39m
[35m[HTTP][39m [37m<-- GET /wd/hub/session/5d9198d5-f967-4f75-8e36-d7411d38133a/window/rect [39m[32m200[39m [90m69 ms - 49[39m
[35m[HTTP][39m [90m[39m
[35m[HTTP][39m [37m-->[39m [37mPOST[39m [37m/wd/hub/session/5d9198d5-f967-4f75-8e36-d7411d38133a/elements[39m
[35m[HTTP][39m [90m{"using":"xpath","value":"//hierarchy/android.widget.FrameLayout[1]/android.widget.LinearLayout[1]/android.widget.FrameLayout[1]/android.widget.LinearLayout[1]/android.widget.FrameLayout[1]/android.widget.FrameLayout[1]/android.widget.FrameLayout[1]/android.widget.FrameLayout[1]/android.view.ViewGroup[1]/android.view.ViewGroup[1]/android.view.ViewGroup[1]/android.view.ViewGroup[1]/android.view.ViewGroup[1]/android.view.ViewGroup[1]/android.widget.ScrollView[1]/android.view.ViewGroup[1]/android.view.ViewGroup[1]/android.view.ViewGroup[2]/android.widget.EditText[1]"}[39m
[35m[HTTP][39m [37m<-- POST /wd/hub/session/5d9198d5-f967-4f75-8e36-d7411d38133a/elements [39m[32m200[39m [90m412 ms - 139[39m
[35m[HTTP][39m [90m[39m
[35m[HTTP][39m [37m-->[39m [37mGET[39m [37m/wd/hub/session/5d9198d5-f967-4f75-8e36-d7411d38133a/element/9f91482a-e15d-434f-9053-986ab0bcbc66/location[39m
[35m[HTTP][39m [90m{}[39m
[35m[W3C (5d9198d5)][39m Driver proxy active, passing request on via HTTP proxy
[35m[WD Proxy][39m Replacing sessionId fb0e1789-74a7-4c81-a963-5fa6e669adb3 with 5d9198d5-f967-4f75-8e36-d7411d38133a
[35m[HTTP][39m [37m<-- GET /wd/hub/session/5d9198d5-f967-4f75-8e36-d7411d38133a/element/9f91482a-e15d-434f-9053-986ab0bcbc66/location [39m[32m200[39m [90m49 ms - 88[39m
[35m[HTTP][39m [90m[39m
[35m[HTTP][39m [37m-->[39m [37mPOST[39m [37m/wd/hub/session/5d9198d5-f967-4f75-8e36-d7411d38133a/element/9f91482a-e15d-434f-9053-986ab0bcbc66/clear[39m
[35m[HTTP][39m [90m{"id":"9f91482a-e15d-434f-9053-986ab0bcbc66"}[39m
[35m[HTTP][39m [37m<-- POST /wd/hub/session/5d9198d5-f967-4f75-8e36-d7411d38133a/element/9f91482a-e15d-434f-9053-986ab0bcbc66/clear [39m[32m200[39m [90m47 ms - 27[39m
[35m[HTTP][39m [90m[39m
[35m[HTTP][39m [37m-->[39m [37mPOST[39m [37m/wd/hub/session/5d9198d5-f967-4f75-8e36-d7411d38133a/element/9f91482a-e15d-434f-9053-986ab0bcbc66/value[39m
[35m[HTTP][39m [90m{"id":"9f91482a-e15d-434f-9053-986ab0bcbc66","text":"Fitco123","value":["F","i","t","c","o","1","2","3"]}[39m
[35m[HTTP][39m [37m<-- POST /wd/hub/session/5d9198d5-f967-4f75-8e36-d7411d38133a/element/9f91482a-e15d-434f-9053-986ab0bcbc66/value [39m[32m200[39m [90m556 ms - 12[39m
[35m[HTTP][39m [90m[39m
[35m[HTTP][39m [37m-->[39m [37mGET[39m [37m/wd/hub/session/5d9198d5-f967-4f75-8e36-d7411d38133a/source[39m
[35m[HTTP][39m [90m{}[39m
[35m[W3C (5d9198d5)][39m Driver proxy active, passing request on via HTTP proxy
[35m[WD Proxy][39m Replacing sessionId fb0e1789-74a7-4c81-a963-5fa6e669adb3 with 5d9198d5-f967-4f75-8e36-d7411d38133a
[35m[HTTP][39m [37m<-- GET /wd/hub/session/5d9198d5-f967-4f75-8e36-d7411d38133a/source [39m[32m200[39m [90m607 ms - 21130[39m
[35m[HTTP][39m [90m[39m
[35m[HTTP][39m [37m-->[39m [37mGET[39m [37m/wd/hub/session/5d9198d5-f967-4f75-8e36-d7411d38133a/screenshot[39m
[35m[HTTP][39m [90m{}[39m
[35m[HTTP][39m [37m<-- GET /wd/hub/session/5d9198d5-f967-4f75-8e36-d7411d38133a/screenshot [39m[32m200[39m [90m571 ms - 76400[39m
[35m[HTTP][39m [90m[39m
[35m[HTTP][39m [37m-->[39m [37mGET[39m [37m/wd/hub/session/5d9198d5-f967-4f75-8e36-d7411d38133a/window/rect[39m
[35m[HTTP][39m [90m{}[39m
[35m[HTTP][39m [37m<-- GET /wd/hub/session/5d9198d5-f967-4f75-8e36-d7411d38133a/window/rect [39m[32m200[39m [90m72 ms - 49[39m
[35m[HTTP][39m [90m[39m
[35m[HTTP][39m [37m-->[39m [37mPOST[39m [37m/wd/hub/session/5d9198d5-f967-4f75-8e36-d7411d38133a/elements[39m
[35m[HTTP][39m [90m{"using":"xpath","value":"//hierarchy/android.widget.FrameLayout[1]/android.widget.LinearLayout[1]/android.widget.FrameLayout[1]/android.widget.LinearLayout[1]/android.widget.FrameLayout[1]/android.widget.FrameLayout[1]/android.widget.FrameLayout[1]/android.widget.FrameLayout[1]/android.view.ViewGroup[1]/android.view.ViewGroup[1]/android.view.ViewGroup[1]/android.view.ViewGroup[1]/android.view.ViewGroup[1]/android.view.ViewGroup[1]/android.widget.ScrollView[1]/android.view.ViewGroup[1]/android.view.ViewGroup[1]/android.view.ViewGroup[4]"}[39m
[35m[HTTP][39m [37m<-- POST /wd/hub/session/5d9198d5-f967-4f75-8e36-d7411d38133a/elements [39m[32m200[39m [90m414 ms - 139[39m
[35m[HTTP][39m [90m[39m
[35m[HTTP][39m [37m-->[39m [37mGET[39m [37m/wd/hub/session/5d9198d5-f967-4f75-8e36-d7411d38133a/element/4998020f-766b-40f6-b275-eae8e61431f1/location[39m
[35m[HTTP][39m [90m{}[39m
[35m[W3C (5d9198d5)][39m Driver proxy active, passing request on via HTTP proxy
[35m[WD Proxy][39m Replacing sessionId fb0e1789-74a7-4c81-a963-5fa6e669adb3 with 5d9198d5-f967-4f75-8e36-d7411d38133a
[35m[HTTP][39m [37m<-- GET /wd/hub/session/5d9198d5-f967-4f75-8e36-d7411d38133a/element/4998020f-766b-40f6-b275-eae8e61431f1/location [39m[32m200[39m [90m77 ms - 89[39m
[35m[HTTP][39m [90m[39m
[35m[HTTP][39m [37m-->[39m [37mPOST[39m [37m/wd/hub/session/5d9198d5-f967-4f75-8e36-d7411d38133a/touch/perform[39m
[35m[HTTP][39m [90m{"actions":[{"action":"tap","options":{"x":1,"y":1,"element":"4998020f-766b-40f6-b275-eae8e61431f1"}}]}[39m
[35m[UiAutomator2][39m calling get location: 4998020f-766b-40f6-b275-eae8e61431f1
[35m[HTTP][39m [37m<-- POST /wd/hub/session/5d9198d5-f967-4f75-8e36-d7411d38133a/touch/perform [39m[32m200[39m [90m140 ms - 14[39m
[35m[HTTP][39m [90m[39m
[35m[HTTP][39m [37m-->[39m [37mGET[39m [37m/wd/hub/session/5d9198d5-f967-4f75-8e36-d7411d38133a/source[39m
[35m[HTTP][39m [90m{}[39m
[35m[W3C (5d9198d5)][39m Driver proxy active, passing request on via HTTP proxy
[35m[WD Proxy][39m Replacing sessionId fb0e1789-74a7-4c81-a963-5fa6e669adb3 with 5d9198d5-f967-4f75-8e36-d7411d38133a
[35m[HTTP][39m [37m<-- GET /wd/hub/session/5d9198d5-f967-4f75-8e36-d7411d38133a/source [39m[32m200[39m [90m404 ms - 21130[39m
[35m[HTTP][39m [90m[39m
[35m[HTTP][39m [37m-->[39m [37mGET[39m [37m/wd/hub/session/5d9198d5-f967-4f75-8e36-d7411d38133a/screenshot[39m
[35m[HTTP][39m [90m{}[39m
[35m[HTTP][39m [37m<-- GET /wd/hub/session/5d9198d5-f967-4f75-8e36-d7411d38133a/screenshot [39m[32m200[39m [90m586 ms - 76436[39m
[35m[HTTP][39m [90m[39m
[35m[HTTP][39m [37m-->[39m [37mGET[39m [37m/wd/hub/session/5d9198d5-f967-4f75-8e36-d7411d38133a/window/rect[39m
[35m[HTTP][39m [90m{}[39m
[35m[HTTP][39m [37m<-- GET /wd/hub/session/5d9198d5-f967-4f75-8e36-d7411d38133a/window/rect [39m[32m200[39m [90m51 ms - 49[39m
[35m[HTTP][39m [90m[39m
[35m[HTTP][39m [37m-->[39m [37mPOST[39m [37m/wd/hub/session/5d9198d5-f967-4f75-8e36-d7411d38133a/elements[39m
[35m[HTTP][39m [90m{"using":"xpath","value":"//hierarchy/android.widget.FrameLayout[1]/android.widget.LinearLayout[1]/android.widget.FrameLayout[1]/android.widget.LinearLayout[1]/android.widget.FrameLayout[1]/android.widget.FrameLayout[1]/android.widget.FrameLayout[1]/android.widget.FrameLayout[1]/android.view.ViewGroup[1]/android.view.ViewGroup[1]/android.view.ViewGroup[1]/android.view.ViewGroup[1]/android.view.ViewGroup[1]/android.view.ViewGroup[1]/android.widget.ScrollView[1]/android.view.ViewGroup[1]/android.view.ViewGroup[1]/android.view.ViewGroup[4]"}[39m
[35m[HTTP][39m [37m<-- POST /wd/hub/session/5d9198d5-f967-4f75-8e36-d7411d38133a/elements [39m[32m200[39m [90m498 ms - 139[39m
[35m[HTTP][39m [90m[39m
[35m[HTTP][39m [37m-->[39m [37mGET[39m [37m/wd/hub/session/5d9198d5-f967-4f75-8e36-d7411d38133a/element/43cd200d-bba7-4a21-95b0-2ca04e672f3a/location[39m
[35m[HTTP][39m [90m{}[39m
[35m[W3C (5d9198d5)][39m Driver proxy active, passing request on via HTTP proxy
[35m[WD Proxy][39m Replacing sessionId fb0e1789-74a7-4c81-a963-5fa6e669adb3 with 5d9198d5-f967-4f75-8e36-d7411d38133a
[35m[HTTP][39m [37m<-- GET /wd/hub/session/5d9198d5-f967-4f75-8e36-d7411d38133a/element/43cd200d-bba7-4a21-95b0-2ca04e672f3a/location [39m[32m200[39m [90m80 ms - 88[39m
[35m[HTTP][39m [90m[39m
[35m[HTTP][39m [37m-->[39m [37mPOST[39m [37m/wd/hub/session/5d9198d5-f967-4f75-8e36-d7411d38133a/touch/perform[39m
[35m[HTTP][39m [90m{"actions":[{"action":"tap","options":{"x":1,"y":1,"element":"43cd200d-bba7-4a21-95b0-2ca04e672f3a"}}]}[39m
[35m[UiAutomator2][39m calling get location: 43cd200d-bba7-4a21-95b0-2ca04e672f3a
[35m[HTTP][39m [37m<-- POST /wd/hub/session/5d9198d5-f967-4f75-8e36-d7411d38133a/touch/perform [39m[32m200[39m [90m123 ms - 14[39m
[35m[HTTP][39m [90m[39m
[35m[HTTP][39m [37m-->[39m [37mGET[39m [37m/wd/hub/session/5d9198d5-f967-4f75-8e36-d7411d38133a/source[39m
[35m[HTTP][39m [90m{}[39m
[35m[W3C (5d9198d5)][39m Driver proxy active, passing request on via HTTP proxy
[35m[WD Proxy][39m Replacing sessionId fb0e1789-74a7-4c81-a963-5fa6e669adb3 with 5d9198d5-f967-4f75-8e36-d7411d38133a
[35m[HTTP][39m [37m<-- GET /wd/hub/session/5d9198d5-f967-4f75-8e36-d7411d38133a/source [39m[32m200[39m [90m1055 ms - 21128[39m
[35m[HTTP][39m [90m[39m
[35m[HTTP][39m [37m-->[39m [37mGET[39m [37m/wd/hub/session/5d9198d5-f967-4f75-8e36-d7411d38133a/screenshot[39m
[35m[HTTP][39m [90m{}[39m
[35m[HTTP][39m [37m<-- GET /wd/hub/session/5d9198d5-f967-4f75-8e36-d7411d38133a/screenshot [39m[32m200[39m [90m569 ms - 76084[39m
[35m[HTTP][39m [90m[39m
[35m[HTTP][39m [37m-->[39m [37mDELETE[39m [37m/wd/hub/session/5d9198d5-f967-4f75-8e36-d7411d38133a[39m
[35m[HTTP][39m [90m{}[39m
[35m[Appium][39m Removing session 5d9198d5-f967-4f75-8e36-d7411d38133a from our master session list
[35m[UiAutomator2][39m Restoring hidden api policy to the device default configuration
[35m[HTTP][39m [37m<-- DELETE /wd/hub/session/5d9198d5-f967-4f75-8e36-d7411d38133a [39m[32m200[39m [90m727 ms - 14[39m
[35m[HTTP][39m [90m[39m
